#
# A fatal error has been detected by the Java Runtime Environment:
#
# java.lang.OutOfMemoryError: requested 123152 bytes for Chunk::new. Out of swap space?
#
#  Internal Error (allocation.cpp:272), pid=5920, tid=7636
#  Error: Chunk::new
#
# JRE version: 6.0_24-b07
# Java VM: Java HotSpot(TM) 64-Bit Server VM (19.1-b02 mixed mode windows-amd64 compressed oops)
# If you would like to submit a bug report, please visit:
#   http://java.sun.com/webapps/bugreport/crash.jsp
#

---------------  T H R E A D  ---------------

Current thread (0x000000000a102000):  JavaThread "CompilerThread0" daemon [_thread_in_native, id=7636, stack(0x000000000a7e0000,0x000000000a8e0000)]

Stack: [0x000000000a7e0000,0x000000000a8e0000]

Current CompileTask:
C2: 27      sun.net.www.ParseUtil.encodePath(Ljava/lang/String;Z)Ljava/lang/String; (336 bytes)


---------------  P R O C E S S  ---------------

Java Threads: ( => current thread )
  0x000000000a154800 JavaThread "Thread-1" daemon [_thread_blocked, id=252, stack(0x000000000afe0000,0x000000000b0e0000)]
  0x000000000a113800 JavaThread "Low Memory Detector" daemon [_thread_blocked, id=2640, stack(0x000000000a9e0000,0x000000000aae0000)]
  0x000000000a106000 JavaThread "CompilerThread1" daemon [_thread_blocked, id=5820, stack(0x000000000a8e0000,0x000000000a9e0000)]
=>0x000000000a102000 JavaThread "CompilerThread0" daemon [_thread_in_native, id=7636, stack(0x000000000a7e0000,0x000000000a8e0000)]
  0x000000000a0fe800 JavaThread "Attach Listener" daemon [_thread_blocked, id=5212, stack(0x000000000a6e0000,0x000000000a7e0000)]
  0x000000000a0fe000 JavaThread "Signal Dispatcher" daemon [_thread_blocked, id=1452, stack(0x000000000a5e0000,0x000000000a6e0000)]
  0x000000000a0fd000 JavaThread "Surrogate Locker Thread (CMS)" daemon [_thread_blocked, id=956, stack(0x000000000a4e0000,0x000000000a5e0000)]
  0x000000000a0a0000 JavaThread "Finalizer" daemon [_thread_blocked, id=2900, stack(0x000000000a3e0000,0x000000000a4e0000)]
  0x000000000a09e800 JavaThread "Reference Handler" daemon [_thread_blocked, id=4992, stack(0x000000000a2e0000,0x000000000a3e0000)]
  0x00000000003fb800 JavaThread "main" [_thread_in_Java, id=2560, stack(0x0000000002490000,0x0000000002590000)]

Other Threads:
  0x000000000a095000 VMThread [stack: 0x000000000a1e0000,0x000000000a2e0000] [id=2080]
  0x000000000a11e000 WatcherThread [stack: 0x000000000aae0000,0x000000000abe0000] [id=2460]

VM state:not at safepoint (normal execution)

VM Mutex/Monitor currently owned by a thread: None

Heap
 par new generation   total 19136K, used 5914K [0x00000000bae00000, 0x00000000bc2c0000, 0x00000000c0130000)
  eden space 17024K,  34% used [0x00000000bae00000, 0x00000000bb3c6938, 0x00000000bbea0000)
  from space 2112K,   0% used [0x00000000bbea0000, 0x00000000bbea0000, 0x00000000bc0b0000)
  to   space 2112K,   0% used [0x00000000bc0b0000, 0x00000000bc0b0000, 0x00000000bc2c0000)
 concurrent mark-sweep generation total 63872K, used 0K [0x00000000c0130000, 0x00000000c3f90000, 0x00000000fae00000)
 concurrent-mark-sweep perm gen total 21248K, used 5383K [0x00000000fae00000, 0x00000000fc2c0000, 0x0000000100000000)

Dynamic libraries:
0x0000000000400000 - 0x000000000042e000 	C:\Program Files\Java\jdk1.6.0_24\jre\bin\java.exe
0x0000000076f40000 - 0x00000000770ec000 	C:\Windows\SYSTEM32\ntdll.dll
0x0000000076e20000 - 0x0000000076f3f000 	C:\Windows\system32\kernel32.dll
0x000007fefd200000 - 0x000007fefd26b000 	C:\Windows\system32\KERNELBASE.dll
0x000007fefdaa0000 - 0x000007fefdb7b000 	C:\Windows\system32\ADVAPI32.dll
0x000007fefefb0000 - 0x000007feff04f000 	C:\Windows\system32\msvcrt.dll
0x000007fefea70000 - 0x000007fefea8f000 	C:\Windows\SYSTEM32\sechost.dll
0x000007fefd340000 - 0x000007fefd46e000 	C:\Windows\system32\RPCRT4.dll
0x000000006d890000 - 0x000000006df94000 	C:\Program Files\Java\jdk1.6.0_24\jre\bin\server\jvm.dll
0x0000000076d20000 - 0x0000000076e1a000 	C:\Windows\system32\USER32.dll
0x000007fefdb80000 - 0x000007fefdbe7000 	C:\Windows\system32\GDI32.dll
0x000007fefea90000 - 0x000007fefea9e000 	C:\Windows\system32\LPK.dll
0x000007fefd270000 - 0x000007fefd33a000 	C:\Windows\system32\USP10.dll
0x000007fefaae0000 - 0x000007fefab1b000 	C:\Windows\system32\WINMM.dll
0x000007fefd590000 - 0x000007fefd5be000 	C:\Windows\system32\IMM32.DLL
0x000007fefd470000 - 0x000007fefd579000 	C:\Windows\system32\MSCTF.dll
0x000000006d800000 - 0x000000006d80e000 	C:\Program Files\Java\jdk1.6.0_24\jre\bin\verify.dll
0x000000006d450000 - 0x000000006d477000 	C:\Program Files\Java\jdk1.6.0_24\jre\bin\java.dll
0x000000006d3b0000 - 0x000000006d3ba000 	C:\Program Files\Java\jdk1.6.0_24\jre\bin\hpi.dll
0x0000000077110000 - 0x0000000077117000 	C:\Windows\system32\PSAPI.DLL
0x000000006d850000 - 0x000000006d862000 	C:\Program Files\Java\jdk1.6.0_24\jre\bin\zip.dll

VM Arguments:
jvm_args: -Djline.terminal=jline.UnsupportedTerminal -Xmx1024M -Xincgc 
java_command: craftbukkit-0.0.1-SNAPSHOT.jar nogui -d yyyy-MM-dd HH:mm:ss
Launcher Type: SUN_STANDARD

Environment Variables:
JAVA_HOME=C:\Program Files\Java\jdk1.6.0_24\
CLASSPATH=LASSPATH;.;C:\Program Files\Java\jdk1.6.0_24\lib\tools.jar
PATH=C:\Program Files\Common Files\Microsoft Shared\Windows Live;C:\Program Files (x86)\Common Files\Microsoft Shared\Windows Live;C:\Windows\system32;C:\Windows;C:\Windows\System32\Wbem;C:\Windows\System32\WindowsPowerShell\v1.0\;C:\Program Files (x86)\Windows Live\Shared;C:\Program Files (x86)\ATI Technologies\ATI.ACE\Core-Static;C:\Program Files\Java\jdk1.6.0_24\jre;C:\Program Files\Java\jdk1.6.0_24\bin;C:\Windows\Microsoft.NET\Framework64\v4.0.30319
USERNAME=Billing Manager
OS=Windows_NT
PROCESSOR_IDENTIFIER=AMD64 Family 16 Model 2 Stepping 3, AuthenticAMD



---------------  S Y S T E M  ---------------

OS: Windows 7 Build 7600 

CPU:total 4 (4 cores per cpu, 1 threads per core) family 16 model 2 stepping 3, cmov, cx8, fxsr, mmx, sse, sse2, sse3, popcnt, mmxext, 3dnow, 3dnowext, lzcnt, sse4a

Memory: 4k page, physical 3930296k(659948k free), swap 15719288k(5080k free)

vm_info: Java HotSpot(TM) 64-Bit Server VM (19.1-b02) for windows-amd64 JRE (1.6.0_24-b07), built on Feb  2 2011 16:25:45 by "java_re" with MS VC++ 8.0 (VS2005)

time: Tue May 17 10:41:28 2011
elapsed time: 1 seconds

